<?xml version="1.0" encoding="UTF-8"?>
<testsuite xmlns:xsi="http://www.w3.org/2001/XMLSchema-instance" xsi:noNamespaceSchemaLocation="https://maven.apache.org/surefire/maven-surefire-plugin/xsd/surefire-test-report.xsd" name="com.len.AppTest" time="0.019" tests="1" errors="0" skipped="0" failures="0">
  <properties>
    <property name="sun.desktop" value="windows"/>
    <property name="awt.toolkit" value="sun.awt.windows.WToolkit"/>
    <property name="file.encoding.pkg" value="sun.io"/>
    <property name="java.specification.version" value="1.8"/>
    <property name="sun.cpu.isalist" value="amd64"/>
    <property name="sun.jnu.encoding" value="GBK"/>
    <property name="java.class.path" value="C:\Users\Qingquan Wu\Desktop\lneosp\lenosp\len-sys\target\test-classes;C:\Users\Qingquan Wu\Desktop\lneosp\lenosp\len-sys\target\classes;C:\Meavn\repository\com\len\len-core\1.0-SNAPSHOT\len-core-1.0-SNAPSHOT.jar;C:\Meavn\repository\javax\mail\mail\1.5.0-b01\mail-1.5.0-b01.jar;C:\Meavn\repository\javax\activation\activation\1.1\activation-1.1.jar;C:\Meavn\repository\junit\junit\4.12\junit-4.12.jar;C:\Meavn\repository\org\hamcrest\hamcrest-core\1.3\hamcrest-core-1.3.jar;C:\Meavn\repository\com\len\len-pdnms-model\1.0-SNAPSHOT\len-pdnms-model-1.0-SNAPSHOT.jar;C:\Meavn\repository\com\len\len-entity\1.0-SNAPSHOT\len-entity-1.0-SNAPSHOT.jar;C:\Meavn\repository\org\apache\dubbo\dubbo-spring-boot-starter\2.7.3\dubbo-spring-boot-starter-2.7.3.jar;C:\Meavn\repository\org\apache\dubbo\dubbo-spring-boot-autoconfigure\2.7.3\dubbo-spring-boot-autoconfigure-2.7.3.jar;C:\Meavn\repository\org\apache\dubbo\dubbo-spring-boot-autoconfigure-compatible\2.7.3\dubbo-spring-boot-autoconfigure-compatible-2.7.3.jar;C:\Meavn\repository\org\apache\dubbo\dubbo\2.7.3\dubbo-2.7.3.jar;C:\Meavn\repository\org\springframework\spring-context\5.0.5.RELEASE\spring-context-5.0.5.RELEASE.jar;C:\Meavn\repository\org\springframework\spring-expression\5.0.5.RELEASE\spring-expression-5.0.5.RELEASE.jar;C:\Meavn\repository\org\javassist\javassist\3.20.0-GA\javassist-3.20.0-GA.jar;C:\Meavn\repository\io\netty\netty-all\4.1.23.Final\netty-all-4.1.23.Final.jar;C:\Meavn\repository\com\google\code\gson\gson\2.8.2\gson-2.8.2.jar;C:\Meavn\repository\org\yaml\snakeyaml\1.19\snakeyaml-1.19.jar;C:\Meavn\repository\org\apache\zookeeper\zookeeper\3.5.5\zookeeper-3.5.5.jar;C:\Meavn\repository\org\apache\zookeeper\zookeeper-jute\3.5.5\zookeeper-jute-3.5.5.jar;C:\Meavn\repository\org\apache\yetus\audience-annotations\0.5.0\audience-annotations-0.5.0.jar;C:\Meavn\repository\log4j\log4j\1.2.17\log4j-1.2.17.jar;C:\Meavn\repository\org\apache\curator\curator-framework\3.3.0\curator-framework-3.3.0.jar;C:\Meavn\repository\org\apache\curator\curator-client\3.3.0\curator-client-3.3.0.jar;C:\Meavn\repository\org\apache\curator\curator-recipes\3.3.0\curator-recipes-3.3.0.jar;C:\Meavn\repository\org\springframework\boot\spring-boot-configuration-processor\2.0.1.RELEASE\spring-boot-configuration-processor-2.0.1.RELEASE.jar;C:\Meavn\repository\org\springframework\boot\spring-boot-starter-web\2.0.1.RELEASE\spring-boot-starter-web-2.0.1.RELEASE.jar;C:\Meavn\repository\org\springframework\boot\spring-boot-starter\2.0.1.RELEASE\spring-boot-starter-2.0.1.RELEASE.jar;C:\Meavn\repository\org\springframework\boot\spring-boot\2.0.1.RELEASE\spring-boot-2.0.1.RELEASE.jar;C:\Meavn\repository\javax\annotation\javax.annotation-api\1.3.2\javax.annotation-api-1.3.2.jar;C:\Meavn\repository\org\springframework\boot\spring-boot-starter-json\2.0.1.RELEASE\spring-boot-starter-json-2.0.1.RELEASE.jar;C:\Meavn\repository\com\fasterxml\jackson\datatype\jackson-datatype-jdk8\2.9.5\jackson-datatype-jdk8-2.9.5.jar;C:\Meavn\repository\com\fasterxml\jackson\datatype\jackson-datatype-jsr310\2.9.5\jackson-datatype-jsr310-2.9.5.jar;C:\Meavn\repository\org\springframework\boot\spring-boot-starter-tomcat\2.0.1.RELEASE\spring-boot-starter-tomcat-2.0.1.RELEASE.jar;C:\Meavn\repository\org\apache\tomcat\embed\tomcat-embed-core\8.5.29\tomcat-embed-core-8.5.29.jar;C:\Meavn\repository\org\apache\tomcat\embed\tomcat-embed-el\8.5.29\tomcat-embed-el-8.5.29.jar;C:\Meavn\repository\org\apache\tomcat\embed\tomcat-embed-websocket\8.5.29\tomcat-embed-websocket-8.5.29.jar;C:\Meavn\repository\org\springframework\spring-web\5.0.5.RELEASE\spring-web-5.0.5.RELEASE.jar;C:\Meavn\repository\org\springframework\spring-webmvc\5.0.5.RELEASE\spring-webmvc-5.0.5.RELEASE.jar;C:\Meavn\repository\org\springframework\boot\spring-boot-starter-test\2.0.1.RELEASE\spring-boot-starter-test-2.0.1.RELEASE.jar;C:\Meavn\repository\org\springframework\boot\spring-boot-test\2.0.1.RELEASE\spring-boot-test-2.0.1.RELEASE.jar;C:\Meavn\repository\org\springframework\boot\spring-boot-test-autoconfigure\2.0.1.RELEASE\spring-boot-test-autoconfigure-2.0.1.RELEASE.jar;C:\Meavn\repository\com\jayway\jsonpath\json-path\2.4.0\json-path-2.4.0.jar;C:\Meavn\repository\net\minidev\json-smart\2.3\json-smart-2.3.jar;C:\Meavn\repository\net\minidev\accessors-smart\1.2\accessors-smart-1.2.jar;C:\Meavn\repository\org\ow2\asm\asm\5.0.4\asm-5.0.4.jar;C:\Meavn\repository\org\assertj\assertj-core\3.9.1\assertj-core-3.9.1.jar;C:\Meavn\repository\org\mockito\mockito-core\2.15.0\mockito-core-2.15.0.jar;C:\Meavn\repository\net\bytebuddy\byte-buddy\1.7.11\byte-buddy-1.7.11.jar;C:\Meavn\repository\net\bytebuddy\byte-buddy-agent\1.7.11\byte-buddy-agent-1.7.11.jar;C:\Meavn\repository\org\objenesis\objenesis\2.6\objenesis-2.6.jar;C:\Meavn\repository\org\hamcrest\hamcrest-library\1.3\hamcrest-library-1.3.jar;C:\Meavn\repository\org\skyscreamer\jsonassert\1.5.0\jsonassert-1.5.0.jar;C:\Meavn\repository\com\vaadin\external\google\android-json\0.0.20131108.vaadin1\android-json-0.0.20131108.vaadin1.jar;C:\Meavn\repository\org\springframework\spring-core\5.0.5.RELEASE\spring-core-5.0.5.RELEASE.jar;C:\Meavn\repository\org\springframework\spring-jcl\5.0.5.RELEASE\spring-jcl-5.0.5.RELEASE.jar;C:\Meavn\repository\org\springframework\spring-test\5.0.5.RELEASE\spring-test-5.0.5.RELEASE.jar;C:\Meavn\repository\org\xmlunit\xmlunit-core\2.5.1\xmlunit-core-2.5.1.jar;C:\Meavn\repository\org\mybatis\spring\boot\mybatis-spring-boot-starter\1.3.1\mybatis-spring-boot-starter-1.3.1.jar;C:\Meavn\repository\org\mybatis\spring\boot\mybatis-spring-boot-autoconfigure\1.3.1\mybatis-spring-boot-autoconfigure-1.3.1.jar;C:\Meavn\repository\tk\mybatis\mapper-spring-boot-starter\2.0.4\mapper-spring-boot-starter-2.0.4.jar;C:\Meavn\repository\tk\mybatis\mapper-core\1.0.5\mapper-core-1.0.5.jar;C:\Meavn\repository\tk\mybatis\mapper-base\1.0.5\mapper-base-1.0.5.jar;C:\Meavn\repository\tk\mybatis\mapper-weekend\1.1.4.1\mapper-weekend-1.1.4.1.jar;C:\Meavn\repository\tk\mybatis\mapper-spring\1.0.5\mapper-spring-1.0.5.jar;C:\Meavn\repository\tk\mybatis\mapper-extra\1.0.5\mapper-extra-1.0.5.jar;C:\Meavn\repository\tk\mybatis\mapper-spring-boot-autoconfigure\2.0.4\mapper-spring-boot-autoconfigure-2.0.4.jar;C:\Meavn\repository\tk\mybatis\mapper\4.0.4\mapper-4.0.4.jar;C:\Meavn\repository\javax\persistence\persistence-api\1.0\persistence-api-1.0.jar;C:\Meavn\repository\org\springframework\boot\spring-boot-starter-cache\2.0.1.RELEASE\spring-boot-starter-cache-2.0.1.RELEASE.jar;C:\Meavn\repository\org\springframework\boot\spring-boot-starter-jdbc\2.0.1.RELEASE\spring-boot-starter-jdbc-2.0.1.RELEASE.jar;C:\Meavn\repository\com\zaxxer\HikariCP\2.7.8\HikariCP-2.7.8.jar;C:\Meavn\repository\org\springframework\spring-jdbc\5.0.5.RELEASE\spring-jdbc-5.0.5.RELEASE.jar;C:\Meavn\repository\org\springframework\boot\spring-boot-starter-aop\2.0.1.RELEASE\spring-boot-starter-aop-2.0.1.RELEASE.jar;C:\Meavn\repository\org\springframework\spring-aop\5.0.5.RELEASE\spring-aop-5.0.5.RELEASE.jar;C:\Meavn\repository\org\aspectj\aspectjweaver\1.8.13\aspectjweaver-1.8.13.jar;C:\Meavn\repository\org\springframework\boot\spring-boot-starter-freemarker\2.0.1.RELEASE\spring-boot-starter-freemarker-2.0.1.RELEASE.jar;C:\Meavn\repository\org\freemarker\freemarker\2.3.28\freemarker-2.3.28.jar;C:\Meavn\repository\org\springframework\boot\spring-boot-starter-logging\2.0.1.RELEASE\spring-boot-starter-logging-2.0.1.RELEASE.jar;C:\Meavn\repository\ch\qos\logback\logback-classic\1.2.3\logback-classic-1.2.3.jar;C:\Meavn\repository\ch\qos\logback\logback-core\1.2.3\logback-core-1.2.3.jar;C:\Meavn\repository\org\apache\logging\log4j\log4j-to-slf4j\2.10.0\log4j-to-slf4j-2.10.0.jar;C:\Meavn\repository\org\apache\logging\log4j\log4j-api\2.10.0\log4j-api-2.10.0.jar;C:\Meavn\repository\org\slf4j\jul-to-slf4j\1.7.25\jul-to-slf4j-1.7.25.jar;C:\Meavn\repository\org\springframework\boot\spring-boot-starter-data-redis\2.0.1.RELEASE\spring-boot-starter-data-redis-2.0.1.RELEASE.jar;C:\Meavn\repository\org\springframework\data\spring-data-redis\2.0.6.RELEASE\spring-data-redis-2.0.6.RELEASE.jar;C:\Meavn\repository\org\springframework\data\spring-data-keyvalue\2.0.6.RELEASE\spring-data-keyvalue-2.0.6.RELEASE.jar;C:\Meavn\repository\org\springframework\data\spring-data-commons\2.0.6.RELEASE\spring-data-commons-2.0.6.RELEASE.jar;C:\Meavn\repository\org\springframework\spring-oxm\5.0.5.RELEASE\spring-oxm-5.0.5.RELEASE.jar;C:\Meavn\repository\io\lettuce\lettuce-core\5.0.3.RELEASE\lettuce-core-5.0.3.RELEASE.jar;C:\Meavn\repository\io\projectreactor\reactor-core\3.1.6.RELEASE\reactor-core-3.1.6.RELEASE.jar;C:\Meavn\repository\org\reactivestreams\reactive-streams\1.0.2\reactive-streams-1.0.2.jar;C:\Meavn\repository\io\netty\netty-common\4.1.23.Final\netty-common-4.1.23.Final.jar;C:\Meavn\repository\io\netty\netty-transport\4.1.23.Final\netty-transport-4.1.23.Final.jar;C:\Meavn\repository\io\netty\netty-buffer\4.1.23.Final\netty-buffer-4.1.23.Final.jar;C:\Meavn\repository\io\netty\netty-resolver\4.1.23.Final\netty-resolver-4.1.23.Final.jar;C:\Meavn\repository\io\netty\netty-handler\4.1.23.Final\netty-handler-4.1.23.Final.jar;C:\Meavn\repository\io\netty\netty-codec\4.1.23.Final\netty-codec-4.1.23.Final.jar;C:\Meavn\repository\mysql\mysql-connector-java\5.1.6\mysql-connector-java-5.1.6.jar;C:\Meavn\repository\com\microsoft\sqlserver\sqljdbc4\4.0\sqljdbc4-4.0.jar;C:\Meavn\repository\com\alibaba\druid\1.1.10\druid-1.1.10.jar;C:\Meavn\repository\org\mybatis\mybatis-spring\1.3.0\mybatis-spring-1.3.0.jar;C:\Meavn\repository\org\mybatis\generator\mybatis-generator-core\1.3.2\mybatis-generator-core-1.3.2.jar;C:\Meavn\repository\com\github\pagehelper\pagehelper\5.1.2\pagehelper-5.1.2.jar;C:\Meavn\repository\com\github\jsqlparser\jsqlparser\1.0\jsqlparser-1.0.jar;C:\Meavn\repository\com\github\pagehelper\pagehelper-spring-boot-autoconfigure\1.2.5\pagehelper-spring-boot-autoconfigure-1.2.5.jar;C:\Meavn\repository\org\springframework\boot\spring-boot-autoconfigure\2.0.1.RELEASE\spring-boot-autoconfigure-2.0.1.RELEASE.jar;C:\Meavn\repository\com\github\pagehelper\pagehelper-spring-boot-starter\1.2.5\pagehelper-spring-boot-starter-1.2.5.jar;C:\Meavn\repository\org\mybatis\mybatis\3.4.1\mybatis-3.4.1.jar;C:\Meavn\repository\net\sf\ehcache\ehcache-core\2.5.0\ehcache-core-2.5.0.jar;C:\Meavn\repository\org\apache\shiro\shiro-ehcache\1.3.2\shiro-ehcache-1.3.2.jar;C:\Meavn\repository\org\apache\shiro\shiro-aspectj\1.4.0\shiro-aspectj-1.4.0.jar;C:\Meavn\repository\org\aspectj\aspectjrt\1.8.13\aspectjrt-1.8.13.jar;C:\Meavn\repository\org\slf4j\slf4j-api\1.7.25\slf4j-api-1.7.25.jar;C:\Meavn\repository\org\apache\shiro\shiro-core\1.3.2\shiro-core-1.3.2.jar;C:\Meavn\repository\commons-beanutils\commons-beanutils\1.8.3\commons-beanutils-1.8.3.jar;C:\Meavn\repository\org\projectlombok\lombok\1.16.10\lombok-1.16.10.jar;C:\Meavn\repository\org\apache\shiro\shiro-web\1.3.2\shiro-web-1.3.2.jar;C:\Meavn\repository\org\apache\shiro\shiro-spring\1.3.2\shiro-spring-1.3.2.jar;C:\Meavn\repository\net\mingsoft\shiro-freemarker-tags\0.1\shiro-freemarker-tags-0.1.jar;C:\Meavn\repository\commons-codec\commons-codec\1.11\commons-codec-1.11.jar;C:\Meavn\repository\com\google\zxing\javase\3.1.0\javase-3.1.0.jar;C:\Meavn\repository\com\google\zxing\core\3.1.0\core-3.1.0.jar;C:\Meavn\repository\org\springframework\integration\spring-integration-mail\5.0.4.RELEASE\spring-integration-mail-5.0.4.RELEASE.jar;C:\Meavn\repository\org\springframework\integration\spring-integration-core\5.0.4.RELEASE\spring-integration-core-5.0.4.RELEASE.jar;C:\Meavn\repository\org\springframework\spring-messaging\5.0.5.RELEASE\spring-messaging-5.0.5.RELEASE.jar;C:\Meavn\repository\org\springframework\retry\spring-retry\1.2.2.RELEASE\spring-retry-1.2.2.RELEASE.jar;C:\Meavn\repository\net\sourceforge\jexcelapi\jxl\2.6.12\jxl-2.6.12.jar;C:\Meavn\repository\com\sun\mail\javax.mail\1.6.1\javax.mail-1.6.1.jar;C:\Meavn\repository\com\mortennobel\java-image-scaling\0.8.6\java-image-scaling-0.8.6.jar;C:\Meavn\repository\com\jhlabs\filters\2.0.235\filters-2.0.235.jar;C:\Meavn\repository\javax\servlet\javax.servlet-api\3.1.0\javax.servlet-api-3.1.0.jar;C:\Meavn\repository\org\springframework\spring-tx\5.0.5.RELEASE\spring-tx-5.0.5.RELEASE.jar;C:\Meavn\repository\org\apache\shiro\shiro-all\1.2.4\shiro-all-1.2.4.jar;C:\Meavn\repository\org\apache\shiro\shiro-guice\1.2.4\shiro-guice-1.2.4.jar;C:\Meavn\repository\com\google\inject\guice\3.0\guice-3.0.jar;C:\Meavn\repository\javax\inject\javax.inject\1\javax.inject-1.jar;C:\Meavn\repository\aopalliance\aopalliance\1.0\aopalliance-1.0.jar;C:\Meavn\repository\com\google\inject\extensions\guice-multibindings\3.0\guice-multibindings-3.0.jar;C:\Meavn\repository\org\apache\commons\commons-lang3\3.7\commons-lang3-3.7.jar;C:\Meavn\repository\commons-io\commons-io\2.5\commons-io-2.5.jar;C:\Meavn\repository\commons-fileupload\commons-fileupload\1.3.2\commons-fileupload-1.3.2.jar;C:\Meavn\repository\com\alibaba\fastjson\1.2.41\fastjson-1.2.41.jar;C:\Meavn\repository\com\fasterxml\jackson\core\jackson-core\2.9.5\jackson-core-2.9.5.jar;C:\Meavn\repository\com\fasterxml\jackson\core\jackson-databind\2.9.5\jackson-databind-2.9.5.jar;C:\Meavn\repository\com\fasterxml\jackson\core\jackson-annotations\2.9.0\jackson-annotations-2.9.0.jar;C:\Meavn\repository\com\fasterxml\jackson\datatype\jackson-datatype-joda\2.9.5\jackson-datatype-joda-2.9.5.jar;C:\Meavn\repository\joda-time\joda-time\2.9.9\joda-time-2.9.9.jar;C:\Meavn\repository\com\fasterxml\jackson\module\jackson-module-parameter-names\2.9.5\jackson-module-parameter-names-2.9.5.jar;C:\Meavn\repository\io\springfox\springfox-swagger2\2.7.0\springfox-swagger2-2.7.0.jar;C:\Meavn\repository\io\swagger\swagger-annotations\1.5.13\swagger-annotations-1.5.13.jar;C:\Meavn\repository\io\swagger\swagger-models\1.5.13\swagger-models-1.5.13.jar;C:\Meavn\repository\io\springfox\springfox-spi\2.7.0\springfox-spi-2.7.0.jar;C:\Meavn\repository\io\springfox\springfox-core\2.7.0\springfox-core-2.7.0.jar;C:\Meavn\repository\io\springfox\springfox-schema\2.7.0\springfox-schema-2.7.0.jar;C:\Meavn\repository\io\springfox\springfox-swagger-common\2.7.0\springfox-swagger-common-2.7.0.jar;C:\Meavn\repository\io\springfox\springfox-spring-web\2.7.0\springfox-spring-web-2.7.0.jar;C:\Meavn\repository\org\reflections\reflections\0.9.11\reflections-0.9.11.jar;C:\Meavn\repository\com\google\guava\guava\18.0\guava-18.0.jar;C:\Meavn\repository\com\fasterxml\classmate\1.3.4\classmate-1.3.4.jar;C:\Meavn\repository\org\springframework\plugin\spring-plugin-core\1.2.0.RELEASE\spring-plugin-core-1.2.0.RELEASE.jar;C:\Meavn\repository\org\springframework\plugin\spring-plugin-metadata\1.2.0.RELEASE\spring-plugin-metadata-1.2.0.RELEASE.jar;C:\Meavn\repository\org\mapstruct\mapstruct\1.1.0.Final\mapstruct-1.1.0.Final.jar;C:\Meavn\repository\io\springfox\springfox-swagger-ui\2.7.0\springfox-swagger-ui-2.7.0.jar;C:\Meavn\repository\org\springframework\spring-context-support\5.0.5.RELEASE\spring-context-support-5.0.5.RELEASE.jar;C:\Meavn\repository\org\springframework\spring-beans\5.0.5.RELEASE\spring-beans-5.0.5.RELEASE.jar;C:\Meavn\repository\org\quartz-scheduler\quartz\2.3.0\quartz-2.3.0.jar;C:\Meavn\repository\com\mchange\mchange-commons-java\0.2.11\mchange-commons-java-0.2.11.jar;C:\Meavn\repository\cn\hutool\hutool-core\4.0.12\hutool-core-4.0.12.jar;C:\Meavn\repository\org\hibernate\validator\hibernate-validator\6.0.10.Final\hibernate-validator-6.0.10.Final.jar;C:\Meavn\repository\org\jboss\logging\jboss-logging\3.3.2.Final\jboss-logging-3.3.2.Final.jar;C:\Meavn\repository\javax\validation\validation-api\2.0.1.Final\validation-api-2.0.1.Final.jar;C:\Meavn\repository\com\auth0\java-jwt\3.4.0\java-jwt-3.4.0.jar;C:\Meavn\repository\org\apache\shiro\shiro-quartz\1.3.2\shiro-quartz-1.3.2.jar;"/>
    <property name="java.vm.vendor" value="Oracle Corporation"/>
    <property name="sun.arch.data.model" value="64"/>
    <property name="user.variant" value=""/>
    <property name="java.vendor.url" value="http://java.oracle.com/"/>
    <property name="user.timezone" value=""/>
    <property name="java.vm.specification.version" value="1.8"/>
    <property name="os.name" value="Windows 10"/>
    <property name="user.country" value="CN"/>
    <property name="sun.java.launcher" value="SUN_STANDARD"/>
    <property name="sun.boot.library.path" value="C:\Program Files\Java\jdk1.8.0_191\jre\bin"/>
    <property name="sun.java.command" value="C:\Users\Qingquan Wu\AppData\Local\Temp\surefire7946490999251179916\surefirebooter5463996703153813816.jar C:\Users\Qingquan Wu\AppData\Local\Temp\surefire7946490999251179916 2020-09-08T11-34-33_583-jvmRun1 surefire6736363733654313260tmp surefire_03131639426180189301tmp"/>
    <property name="surefire.test.class.path" value="C:\Users\Qingquan Wu\Desktop\lneosp\lenosp\len-sys\target\test-classes;C:\Users\Qingquan Wu\Desktop\lneosp\lenosp\len-sys\target\classes;C:\Meavn\repository\com\len\len-core\1.0-SNAPSHOT\len-core-1.0-SNAPSHOT.jar;C:\Meavn\repository\javax\mail\mail\1.5.0-b01\mail-1.5.0-b01.jar;C:\Meavn\repository\javax\activation\activation\1.1\activation-1.1.jar;C:\Meavn\repository\junit\junit\4.12\junit-4.12.jar;C:\Meavn\repository\org\hamcrest\hamcrest-core\1.3\hamcrest-core-1.3.jar;C:\Meavn\repository\com\len\len-pdnms-model\1.0-SNAPSHOT\len-pdnms-model-1.0-SNAPSHOT.jar;C:\Meavn\repository\com\len\len-entity\1.0-SNAPSHOT\len-entity-1.0-SNAPSHOT.jar;C:\Meavn\repository\org\apache\dubbo\dubbo-spring-boot-starter\2.7.3\dubbo-spring-boot-starter-2.7.3.jar;C:\Meavn\repository\org\apache\dubbo\dubbo-spring-boot-autoconfigure\2.7.3\dubbo-spring-boot-autoconfigure-2.7.3.jar;C:\Meavn\repository\org\apache\dubbo\dubbo-spring-boot-autoconfigure-compatible\2.7.3\dubbo-spring-boot-autoconfigure-compatible-2.7.3.jar;C:\Meavn\repository\org\apache\dubbo\dubbo\2.7.3\dubbo-2.7.3.jar;C:\Meavn\repository\org\springframework\spring-context\5.0.5.RELEASE\spring-context-5.0.5.RELEASE.jar;C:\Meavn\repository\org\springframework\spring-expression\5.0.5.RELEASE\spring-expression-5.0.5.RELEASE.jar;C:\Meavn\repository\org\javassist\javassist\3.20.0-GA\javassist-3.20.0-GA.jar;C:\Meavn\repository\io\netty\netty-all\4.1.23.Final\netty-all-4.1.23.Final.jar;C:\Meavn\repository\com\google\code\gson\gson\2.8.2\gson-2.8.2.jar;C:\Meavn\repository\org\yaml\snakeyaml\1.19\snakeyaml-1.19.jar;C:\Meavn\repository\org\apache\zookeeper\zookeeper\3.5.5\zookeeper-3.5.5.jar;C:\Meavn\repository\org\apache\zookeeper\zookeeper-jute\3.5.5\zookeeper-jute-3.5.5.jar;C:\Meavn\repository\org\apache\yetus\audience-annotations\0.5.0\audience-annotations-0.5.0.jar;C:\Meavn\repository\log4j\log4j\1.2.17\log4j-1.2.17.jar;C:\Meavn\repository\org\apache\curator\curator-framework\3.3.0\curator-framework-3.3.0.jar;C:\Meavn\repository\org\apache\curator\curator-client\3.3.0\curator-client-3.3.0.jar;C:\Meavn\repository\org\apache\curator\curator-recipes\3.3.0\curator-recipes-3.3.0.jar;C:\Meavn\repository\org\springframework\boot\spring-boot-configuration-processor\2.0.1.RELEASE\spring-boot-configuration-processor-2.0.1.RELEASE.jar;C:\Meavn\repository\org\springframework\boot\spring-boot-starter-web\2.0.1.RELEASE\spring-boot-starter-web-2.0.1.RELEASE.jar;C:\Meavn\repository\org\springframework\boot\spring-boot-starter\2.0.1.RELEASE\spring-boot-starter-2.0.1.RELEASE.jar;C:\Meavn\repository\org\springframework\boot\spring-boot\2.0.1.RELEASE\spring-boot-2.0.1.RELEASE.jar;C:\Meavn\repository\javax\annotation\javax.annotation-api\1.3.2\javax.annotation-api-1.3.2.jar;C:\Meavn\repository\org\springframework\boot\spring-boot-starter-json\2.0.1.RELEASE\spring-boot-starter-json-2.0.1.RELEASE.jar;C:\Meavn\repository\com\fasterxml\jackson\datatype\jackson-datatype-jdk8\2.9.5\jackson-datatype-jdk8-2.9.5.jar;C:\Meavn\repository\com\fasterxml\jackson\datatype\jackson-datatype-jsr310\2.9.5\jackson-datatype-jsr310-2.9.5.jar;C:\Meavn\repository\org\springframework\boot\spring-boot-starter-tomcat\2.0.1.RELEASE\spring-boot-starter-tomcat-2.0.1.RELEASE.jar;C:\Meavn\repository\org\apache\tomcat\embed\tomcat-embed-core\8.5.29\tomcat-embed-core-8.5.29.jar;C:\Meavn\repository\org\apache\tomcat\embed\tomcat-embed-el\8.5.29\tomcat-embed-el-8.5.29.jar;C:\Meavn\repository\org\apache\tomcat\embed\tomcat-embed-websocket\8.5.29\tomcat-embed-websocket-8.5.29.jar;C:\Meavn\repository\org\springframework\spring-web\5.0.5.RELEASE\spring-web-5.0.5.RELEASE.jar;C:\Meavn\repository\org\springframework\spring-webmvc\5.0.5.RELEASE\spring-webmvc-5.0.5.RELEASE.jar;C:\Meavn\repository\org\springframework\boot\spring-boot-starter-test\2.0.1.RELEASE\spring-boot-starter-test-2.0.1.RELEASE.jar;C:\Meavn\repository\org\springframework\boot\spring-boot-test\2.0.1.RELEASE\spring-boot-test-2.0.1.RELEASE.jar;C:\Meavn\repository\org\springframework\boot\spring-boot-test-autoconfigure\2.0.1.RELEASE\spring-boot-test-autoconfigure-2.0.1.RELEASE.jar;C:\Meavn\repository\com\jayway\jsonpath\json-path\2.4.0\json-path-2.4.0.jar;C:\Meavn\repository\net\minidev\json-smart\2.3\json-smart-2.3.jar;C:\Meavn\repository\net\minidev\accessors-smart\1.2\accessors-smart-1.2.jar;C:\Meavn\repository\org\ow2\asm\asm\5.0.4\asm-5.0.4.jar;C:\Meavn\repository\org\assertj\assertj-core\3.9.1\assertj-core-3.9.1.jar;C:\Meavn\repository\org\mockito\mockito-core\2.15.0\mockito-core-2.15.0.jar;C:\Meavn\repository\net\bytebuddy\byte-buddy\1.7.11\byte-buddy-1.7.11.jar;C:\Meavn\repository\net\bytebuddy\byte-buddy-agent\1.7.11\byte-buddy-agent-1.7.11.jar;C:\Meavn\repository\org\objenesis\objenesis\2.6\objenesis-2.6.jar;C:\Meavn\repository\org\hamcrest\hamcrest-library\1.3\hamcrest-library-1.3.jar;C:\Meavn\repository\org\skyscreamer\jsonassert\1.5.0\jsonassert-1.5.0.jar;C:\Meavn\repository\com\vaadin\external\google\android-json\0.0.20131108.vaadin1\android-json-0.0.20131108.vaadin1.jar;C:\Meavn\repository\org\springframework\spring-core\5.0.5.RELEASE\spring-core-5.0.5.RELEASE.jar;C:\Meavn\repository\org\springframework\spring-jcl\5.0.5.RELEASE\spring-jcl-5.0.5.RELEASE.jar;C:\Meavn\repository\org\springframework\spring-test\5.0.5.RELEASE\spring-test-5.0.5.RELEASE.jar;C:\Meavn\repository\org\xmlunit\xmlunit-core\2.5.1\xmlunit-core-2.5.1.jar;C:\Meavn\repository\org\mybatis\spring\boot\mybatis-spring-boot-starter\1.3.1\mybatis-spring-boot-starter-1.3.1.jar;C:\Meavn\repository\org\mybatis\spring\boot\mybatis-spring-boot-autoconfigure\1.3.1\mybatis-spring-boot-autoconfigure-1.3.1.jar;C:\Meavn\repository\tk\mybatis\mapper-spring-boot-starter\2.0.4\mapper-spring-boot-starter-2.0.4.jar;C:\Meavn\repository\tk\mybatis\mapper-core\1.0.5\mapper-core-1.0.5.jar;C:\Meavn\repository\tk\mybatis\mapper-base\1.0.5\mapper-base-1.0.5.jar;C:\Meavn\repository\tk\mybatis\mapper-weekend\1.1.4.1\mapper-weekend-1.1.4.1.jar;C:\Meavn\repository\tk\mybatis\mapper-spring\1.0.5\mapper-spring-1.0.5.jar;C:\Meavn\repository\tk\mybatis\mapper-extra\1.0.5\mapper-extra-1.0.5.jar;C:\Meavn\repository\tk\mybatis\mapper-spring-boot-autoconfigure\2.0.4\mapper-spring-boot-autoconfigure-2.0.4.jar;C:\Meavn\repository\tk\mybatis\mapper\4.0.4\mapper-4.0.4.jar;C:\Meavn\repository\javax\persistence\persistence-api\1.0\persistence-api-1.0.jar;C:\Meavn\repository\org\springframework\boot\spring-boot-starter-cache\2.0.1.RELEASE\spring-boot-starter-cache-2.0.1.RELEASE.jar;C:\Meavn\repository\org\springframework\boot\spring-boot-starter-jdbc\2.0.1.RELEASE\spring-boot-starter-jdbc-2.0.1.RELEASE.jar;C:\Meavn\repository\com\zaxxer\HikariCP\2.7.8\HikariCP-2.7.8.jar;C:\Meavn\repository\org\springframework\spring-jdbc\5.0.5.RELEASE\spring-jdbc-5.0.5.RELEASE.jar;C:\Meavn\repository\org\springframework\boot\spring-boot-starter-aop\2.0.1.RELEASE\spring-boot-starter-aop-2.0.1.RELEASE.jar;C:\Meavn\repository\org\springframework\spring-aop\5.0.5.RELEASE\spring-aop-5.0.5.RELEASE.jar;C:\Meavn\repository\org\aspectj\aspectjweaver\1.8.13\aspectjweaver-1.8.13.jar;C:\Meavn\repository\org\springframework\boot\spring-boot-starter-freemarker\2.0.1.RELEASE\spring-boot-starter-freemarker-2.0.1.RELEASE.jar;C:\Meavn\repository\org\freemarker\freemarker\2.3.28\freemarker-2.3.28.jar;C:\Meavn\repository\org\springframework\boot\spring-boot-starter-logging\2.0.1.RELEASE\spring-boot-starter-logging-2.0.1.RELEASE.jar;C:\Meavn\repository\ch\qos\logback\logback-classic\1.2.3\logback-classic-1.2.3.jar;C:\Meavn\repository\ch\qos\logback\logback-core\1.2.3\logback-core-1.2.3.jar;C:\Meavn\repository\org\apache\logging\log4j\log4j-to-slf4j\2.10.0\log4j-to-slf4j-2.10.0.jar;C:\Meavn\repository\org\apache\logging\log4j\log4j-api\2.10.0\log4j-api-2.10.0.jar;C:\Meavn\repository\org\slf4j\jul-to-slf4j\1.7.25\jul-to-slf4j-1.7.25.jar;C:\Meavn\repository\org\springframework\boot\spring-boot-starter-data-redis\2.0.1.RELEASE\spring-boot-starter-data-redis-2.0.1.RELEASE.jar;C:\Meavn\repository\org\springframework\data\spring-data-redis\2.0.6.RELEASE\spring-data-redis-2.0.6.RELEASE.jar;C:\Meavn\repository\org\springframework\data\spring-data-keyvalue\2.0.6.RELEASE\spring-data-keyvalue-2.0.6.RELEASE.jar;C:\Meavn\repository\org\springframework\data\spring-data-commons\2.0.6.RELEASE\spring-data-commons-2.0.6.RELEASE.jar;C:\Meavn\repository\org\springframework\spring-oxm\5.0.5.RELEASE\spring-oxm-5.0.5.RELEASE.jar;C:\Meavn\repository\io\lettuce\lettuce-core\5.0.3.RELEASE\lettuce-core-5.0.3.RELEASE.jar;C:\Meavn\repository\io\projectreactor\reactor-core\3.1.6.RELEASE\reactor-core-3.1.6.RELEASE.jar;C:\Meavn\repository\org\reactivestreams\reactive-streams\1.0.2\reactive-streams-1.0.2.jar;C:\Meavn\repository\io\netty\netty-common\4.1.23.Final\netty-common-4.1.23.Final.jar;C:\Meavn\repository\io\netty\netty-transport\4.1.23.Final\netty-transport-4.1.23.Final.jar;C:\Meavn\repository\io\netty\netty-buffer\4.1.23.Final\netty-buffer-4.1.23.Final.jar;C:\Meavn\repository\io\netty\netty-resolver\4.1.23.Final\netty-resolver-4.1.23.Final.jar;C:\Meavn\repository\io\netty\netty-handler\4.1.23.Final\netty-handler-4.1.23.Final.jar;C:\Meavn\repository\io\netty\netty-codec\4.1.23.Final\netty-codec-4.1.23.Final.jar;C:\Meavn\repository\mysql\mysql-connector-java\5.1.6\mysql-connector-java-5.1.6.jar;C:\Meavn\repository\com\microsoft\sqlserver\sqljdbc4\4.0\sqljdbc4-4.0.jar;C:\Meavn\repository\com\alibaba\druid\1.1.10\druid-1.1.10.jar;C:\Meavn\repository\org\mybatis\mybatis-spring\1.3.0\mybatis-spring-1.3.0.jar;C:\Meavn\repository\org\mybatis\generator\mybatis-generator-core\1.3.2\mybatis-generator-core-1.3.2.jar;C:\Meavn\repository\com\github\pagehelper\pagehelper\5.1.2\pagehelper-5.1.2.jar;C:\Meavn\repository\com\github\jsqlparser\jsqlparser\1.0\jsqlparser-1.0.jar;C:\Meavn\repository\com\github\pagehelper\pagehelper-spring-boot-autoconfigure\1.2.5\pagehelper-spring-boot-autoconfigure-1.2.5.jar;C:\Meavn\repository\org\springframework\boot\spring-boot-autoconfigure\2.0.1.RELEASE\spring-boot-autoconfigure-2.0.1.RELEASE.jar;C:\Meavn\repository\com\github\pagehelper\pagehelper-spring-boot-starter\1.2.5\pagehelper-spring-boot-starter-1.2.5.jar;C:\Meavn\repository\org\mybatis\mybatis\3.4.1\mybatis-3.4.1.jar;C:\Meavn\repository\net\sf\ehcache\ehcache-core\2.5.0\ehcache-core-2.5.0.jar;C:\Meavn\repository\org\apache\shiro\shiro-ehcache\1.3.2\shiro-ehcache-1.3.2.jar;C:\Meavn\repository\org\apache\shiro\shiro-aspectj\1.4.0\shiro-aspectj-1.4.0.jar;C:\Meavn\repository\org\aspectj\aspectjrt\1.8.13\aspectjrt-1.8.13.jar;C:\Meavn\repository\org\slf4j\slf4j-api\1.7.25\slf4j-api-1.7.25.jar;C:\Meavn\repository\org\apache\shiro\shiro-core\1.3.2\shiro-core-1.3.2.jar;C:\Meavn\repository\commons-beanutils\commons-beanutils\1.8.3\commons-beanutils-1.8.3.jar;C:\Meavn\repository\org\projectlombok\lombok\1.16.10\lombok-1.16.10.jar;C:\Meavn\repository\org\apache\shiro\shiro-web\1.3.2\shiro-web-1.3.2.jar;C:\Meavn\repository\org\apache\shiro\shiro-spring\1.3.2\shiro-spring-1.3.2.jar;C:\Meavn\repository\net\mingsoft\shiro-freemarker-tags\0.1\shiro-freemarker-tags-0.1.jar;C:\Meavn\repository\commons-codec\commons-codec\1.11\commons-codec-1.11.jar;C:\Meavn\repository\com\google\zxing\javase\3.1.0\javase-3.1.0.jar;C:\Meavn\repository\com\google\zxing\core\3.1.0\core-3.1.0.jar;C:\Meavn\repository\org\springframework\integration\spring-integration-mail\5.0.4.RELEASE\spring-integration-mail-5.0.4.RELEASE.jar;C:\Meavn\repository\org\springframework\integration\spring-integration-core\5.0.4.RELEASE\spring-integration-core-5.0.4.RELEASE.jar;C:\Meavn\repository\org\springframework\spring-messaging\5.0.5.RELEASE\spring-messaging-5.0.5.RELEASE.jar;C:\Meavn\repository\org\springframework\retry\spring-retry\1.2.2.RELEASE\spring-retry-1.2.2.RELEASE.jar;C:\Meavn\repository\net\sourceforge\jexcelapi\jxl\2.6.12\jxl-2.6.12.jar;C:\Meavn\repository\com\sun\mail\javax.mail\1.6.1\javax.mail-1.6.1.jar;C:\Meavn\repository\com\mortennobel\java-image-scaling\0.8.6\java-image-scaling-0.8.6.jar;C:\Meavn\repository\com\jhlabs\filters\2.0.235\filters-2.0.235.jar;C:\Meavn\repository\javax\servlet\javax.servlet-api\3.1.0\javax.servlet-api-3.1.0.jar;C:\Meavn\repository\org\springframework\spring-tx\5.0.5.RELEASE\spring-tx-5.0.5.RELEASE.jar;C:\Meavn\repository\org\apache\shiro\shiro-all\1.2.4\shiro-all-1.2.4.jar;C:\Meavn\repository\org\apache\shiro\shiro-guice\1.2.4\shiro-guice-1.2.4.jar;C:\Meavn\repository\com\google\inject\guice\3.0\guice-3.0.jar;C:\Meavn\repository\javax\inject\javax.inject\1\javax.inject-1.jar;C:\Meavn\repository\aopalliance\aopalliance\1.0\aopalliance-1.0.jar;C:\Meavn\repository\com\google\inject\extensions\guice-multibindings\3.0\guice-multibindings-3.0.jar;C:\Meavn\repository\org\apache\commons\commons-lang3\3.7\commons-lang3-3.7.jar;C:\Meavn\repository\commons-io\commons-io\2.5\commons-io-2.5.jar;C:\Meavn\repository\commons-fileupload\commons-fileupload\1.3.2\commons-fileupload-1.3.2.jar;C:\Meavn\repository\com\alibaba\fastjson\1.2.41\fastjson-1.2.41.jar;C:\Meavn\repository\com\fasterxml\jackson\core\jackson-core\2.9.5\jackson-core-2.9.5.jar;C:\Meavn\repository\com\fasterxml\jackson\core\jackson-databind\2.9.5\jackson-databind-2.9.5.jar;C:\Meavn\repository\com\fasterxml\jackson\core\jackson-annotations\2.9.0\jackson-annotations-2.9.0.jar;C:\Meavn\repository\com\fasterxml\jackson\datatype\jackson-datatype-joda\2.9.5\jackson-datatype-joda-2.9.5.jar;C:\Meavn\repository\joda-time\joda-time\2.9.9\joda-time-2.9.9.jar;C:\Meavn\repository\com\fasterxml\jackson\module\jackson-module-parameter-names\2.9.5\jackson-module-parameter-names-2.9.5.jar;C:\Meavn\repository\io\springfox\springfox-swagger2\2.7.0\springfox-swagger2-2.7.0.jar;C:\Meavn\repository\io\swagger\swagger-annotations\1.5.13\swagger-annotations-1.5.13.jar;C:\Meavn\repository\io\swagger\swagger-models\1.5.13\swagger-models-1.5.13.jar;C:\Meavn\repository\io\springfox\springfox-spi\2.7.0\springfox-spi-2.7.0.jar;C:\Meavn\repository\io\springfox\springfox-core\2.7.0\springfox-core-2.7.0.jar;C:\Meavn\repository\io\springfox\springfox-schema\2.7.0\springfox-schema-2.7.0.jar;C:\Meavn\repository\io\springfox\springfox-swagger-common\2.7.0\springfox-swagger-common-2.7.0.jar;C:\Meavn\repository\io\springfox\springfox-spring-web\2.7.0\springfox-spring-web-2.7.0.jar;C:\Meavn\repository\org\reflections\reflections\0.9.11\reflections-0.9.11.jar;C:\Meavn\repository\com\google\guava\guava\18.0\guava-18.0.jar;C:\Meavn\repository\com\fasterxml\classmate\1.3.4\classmate-1.3.4.jar;C:\Meavn\repository\org\springframework\plugin\spring-plugin-core\1.2.0.RELEASE\spring-plugin-core-1.2.0.RELEASE.jar;C:\Meavn\repository\org\springframework\plugin\spring-plugin-metadata\1.2.0.RELEASE\spring-plugin-metadata-1.2.0.RELEASE.jar;C:\Meavn\repository\org\mapstruct\mapstruct\1.1.0.Final\mapstruct-1.1.0.Final.jar;C:\Meavn\repository\io\springfox\springfox-swagger-ui\2.7.0\springfox-swagger-ui-2.7.0.jar;C:\Meavn\repository\org\springframework\spring-context-support\5.0.5.RELEASE\spring-context-support-5.0.5.RELEASE.jar;C:\Meavn\repository\org\springframework\spring-beans\5.0.5.RELEASE\spring-beans-5.0.5.RELEASE.jar;C:\Meavn\repository\org\quartz-scheduler\quartz\2.3.0\quartz-2.3.0.jar;C:\Meavn\repository\com\mchange\mchange-commons-java\0.2.11\mchange-commons-java-0.2.11.jar;C:\Meavn\repository\cn\hutool\hutool-core\4.0.12\hutool-core-4.0.12.jar;C:\Meavn\repository\org\hibernate\validator\hibernate-validator\6.0.10.Final\hibernate-validator-6.0.10.Final.jar;C:\Meavn\repository\org\jboss\logging\jboss-logging\3.3.2.Final\jboss-logging-3.3.2.Final.jar;C:\Meavn\repository\javax\validation\validation-api\2.0.1.Final\validation-api-2.0.1.Final.jar;C:\Meavn\repository\com\auth0\java-jwt\3.4.0\java-jwt-3.4.0.jar;C:\Meavn\repository\org\apache\shiro\shiro-quartz\1.3.2\shiro-quartz-1.3.2.jar;"/>
    <property name="sun.cpu.endian" value="little"/>
    <property name="user.home" value="C:\Users\Qingquan Wu"/>
    <property name="user.language" value="zh"/>
    <property name="java.specification.vendor" value="Oracle Corporation"/>
    <property name="java.home" value="C:\Program Files\Java\jdk1.8.0_191\jre"/>
    <property name="basedir" value="C:\Users\Qingquan Wu\Desktop\lneosp\lenosp\len-sys"/>
    <property name="file.separator" value="\"/>
    <property name="line.separator" value="&#10;"/>
    <property name="java.vm.specification.vendor" value="Oracle Corporation"/>
    <property name="java.specification.name" value="Java Platform API Specification"/>
    <property name="java.awt.graphicsenv" value="sun.awt.Win32GraphicsEnvironment"/>
    <property name="idea.version2020.1.1" value="true"/>
    <property name="surefire.real.class.path" value="C:\Users\Qingquan Wu\AppData\Local\Temp\surefire7946490999251179916\surefirebooter5463996703153813816.jar"/>
    <property name="sun.boot.class.path" value="C:\Program Files\Java\jdk1.8.0_191\jre\lib\resources.jar;C:\Program Files\Java\jdk1.8.0_191\jre\lib\rt.jar;C:\Program Files\Java\jdk1.8.0_191\jre\lib\sunrsasign.jar;C:\Program Files\Java\jdk1.8.0_191\jre\lib\jsse.jar;C:\Program Files\Java\jdk1.8.0_191\jre\lib\jce.jar;C:\Program Files\Java\jdk1.8.0_191\jre\lib\charsets.jar;C:\Program Files\Java\jdk1.8.0_191\jre\lib\jfr.jar;C:\Program Files\Java\jdk1.8.0_191\jre\classes"/>
    <property name="user.script" value=""/>
    <property name="sun.management.compiler" value="HotSpot 64-Bit Tiered Compilers"/>
    <property name="java.runtime.version" value="1.8.0_191-b12"/>
    <property name="user.name" value="Qingquan Wu"/>
    <property name="path.separator" value=";"/>
    <property name="os.version" value="10.0"/>
    <property name="java.endorsed.dirs" value="C:\Program Files\Java\jdk1.8.0_191\jre\lib\endorsed"/>
    <property name="java.runtime.name" value="Java(TM) SE Runtime Environment"/>
    <property name="file.encoding" value="GBK"/>
    <property name="java.vm.name" value="Java HotSpot(TM) 64-Bit Server VM"/>
    <property name="localRepository" value="C:\Meavn\repository"/>
    <property name="java.vendor.url.bug" value="http://bugreport.sun.com/bugreport/"/>
    <property name="java.io.tmpdir" value="C:\Users\Qingquan Wu\AppData\Local\Temp\"/>
    <property name="java.version" value="1.8.0_191"/>
    <property name="user.dir" value="C:\Users\Qingquan Wu\Desktop\lneosp\lenosp\len-sys"/>
    <property name="os.arch" value="amd64"/>
    <property name="java.vm.specification.name" value="Java Virtual Machine Specification"/>
    <property name="java.awt.printerjob" value="sun.awt.windows.WPrinterJob"/>
    <property name="sun.os.patch.level" value=""/>
    <property name="java.library.path" value="C:\Program Files\Java\jdk1.8.0_191\jre\bin;C:\WINDOWS\Sun\Java\bin;C:\WINDOWS\system32;C:\WINDOWS;C:\Program Files (x86)\NetSarang\Xftp 6\;C:\Program Files (x86)\NetSarang\Xshell 6\;C:\oraclexe\app\oracle\product\11.2.0\server\bin;C:\Program Files (x86)\Razer Chroma SDK\bin;C:\Program Files\Razer Chroma SDK\bin;C:\Program Files (x86)\Razer\ChromaBroadcast\bin;C:\Program Files\Razer\ChromaBroadcast\bin;C:\Program Files (x86)\Common Files\Oracle\Java\javapath;C:\Program Files (x86)\Intel\iCLS Client\;C:\Program Files\Intel\iCLS Client\;C:\Windows\system32;C:\Windows;C:\Windows\System32\Wbem;C:\Windows\System32\WindowsPowerShell\v1.0\;C:\Program Files (x86)\Intel\Intel(R) Management Engine Components\DAL;C:\Program Files\Intel\Intel(R) Management Engine Components\DAL;C:\Program Files (x86)\Intel\Intel(R) Management Engine Components\IPT;C:\Program Files\Intel\Intel(R) Management Engine Components\IPT;C:\Program Files (x86)\NVIDIA Corporation\PhysX\Common;C:\WINDOWS\system32;C:\WINDOWS;C:\WINDOWS\System32\Wbem;C:\WINDOWS\System32\WindowsPowerShell\v1.0\;C:\WINDOWS\System32\OpenSSH\;C:\Program Files\NVIDIA Corporation\NVIDIA NvDLISR;C:\WINDOWS\system32\config\systemprofile\AppData\Local\Microsoft\WindowsApps;C:\Program Files\Intel\WiFi\bin\;C:\Program Files\Common Files\Intel\WirelessCommon\;C:\WINDOWS\system32;C:\WINDOWS;C:\WINDOWS\System32\Wbem;C:\WINDOWS\System32\WindowsPowerShell\v1.0\;C:\WINDOWS\System32\OpenSSH\;C:\Program Files\Java\jre1.8.0_211\bin;C:\Program Files\Java\jre1.8.0_211\jre\bin;C:\Tomact\apache-tomcat-9.0.31\bin;C:\Tomact\apache-tomcat-9.0.31\lib;C:\Meavn\apache-maven-3.6.3\bin;C:\Program Files\Git\cmd;C:\Program Files\nodejs\;C:\Users\Qingquan Wu\AppData\Local\Microsoft\WindowsApps;C:\Program Files\Bandizip\;C:\Program Files\MySQL\MySQL Server 8.0;C:\Users\Qingquan Wu\AppData\Roaming\npm;."/>
    <property name="java.vm.info" value="mixed mode"/>
    <property name="java.vendor" value="Oracle Corporation"/>
    <property name="java.vm.version" value="25.191-b12"/>
    <property name="java.ext.dirs" value="C:\Program Files\Java\jdk1.8.0_191\jre\lib\ext;C:\WINDOWS\Sun\Java\lib\ext"/>
    <property name="sun.io.unicode.encoding" value="UnicodeLittle"/>
    <property name="maven.repo.local" value="C:\Meavn\repository"/>
    <property name="java.class.version" value="52.0"/>
  </properties>
  <testcase name="testApp" classname="com.len.AppTest" time="0.002"/>
</testsuite>